\BOOKMARK [1][-]{section.1}{Introduction}{}% 1
\BOOKMARK [2][-]{subsection.1.1}{Motivation}{section.1}% 2
\BOOKMARK [3][-]{subsubsection.1.1.1}{The result delay problem}{subsection.1.1}% 3
\BOOKMARK [2][-]{subsection.1.2}{Objectives}{section.1}% 4
\BOOKMARK [2][-]{subsection.1.3}{Organization}{section.1}% 5
\BOOKMARK [1][-]{section.2}{Background}{}% 6
\BOOKMARK [2][-]{subsection.2.1}{Artificial Neural Networks}{section.2}% 7
\BOOKMARK [3][-]{subsubsection.2.1.1}{Multilayer Perceptrons}{subsection.2.1}% 8
\BOOKMARK [3][-]{subsubsection.2.1.2}{Convolutional Neural Networks}{subsection.2.1}% 9
\BOOKMARK [2][-]{subsection.2.2}{Computer Vision}{section.2}% 10
\BOOKMARK [3][-]{subsubsection.2.2.1}{Image Classification}{subsection.2.2}% 11
\BOOKMARK [3][-]{subsubsection.2.2.2}{Object Detection}{subsection.2.2}% 12
\BOOKMARK [3][-]{subsubsection.2.2.3}{Hierarchy Classifier}{subsection.2.2}% 13
\BOOKMARK [1][-]{section.3}{Multi-Stage Object Detector}{}% 14
\BOOKMARK [2][-]{subsection.3.1}{Image Classifier}{section.3}% 15
\BOOKMARK [3][-]{subsubsection.3.1.1}{Transfer Learning}{subsection.3.1}% 16
\BOOKMARK [3][-]{subsubsection.3.1.2}{Training}{subsection.3.1}% 17
\BOOKMARK [1][-]{section.4}{Dataset}{}% 18
\BOOKMARK [2][-]{subsection.4.1}{Data collection and statistics}{section.4}% 19
\BOOKMARK [2][-]{subsection.4.2}{Data imbalance}{section.4}% 20
\BOOKMARK [1][-]{section.5}{Conclusion}{}% 21
