This is pdfTeX, Version 3.141592653-2.6-1.40.23 (MiKTeX 21.8) (preloaded format=pdflatex 2021.8.30)  14 JAN 2022 13:09
entering extended mode
**./Thesis.tex
(Thesis.tex
LaTeX2e <2021-06-01> patch level 1
L3 programming layer <2021-07-12>
(C:\Users\yacou\AppData\Roaming\MiKTeX\tex/latex/extsizes\extarticle.cls
Document Class: extarticle 1996/10/08 v1.0 Non Standard LaTeX document class
(C:\Program Files\MiKTeX\tex/latex/base\size12.clo
File: size12.clo 2021/02/12 v1.4n Standard LaTeX file (size option)
)
(C:\Program Files\MiKTeX\tex/latex/base\exscale.sty
Package: exscale 2018/09/24 v2.1i Standard LaTeX package exscale
LaTeX Font Info:    Redeclaring symbol font `largesymbols' on input line 57.
LaTeX Font Info:    Overwriting symbol font `largesymbols' in version `normal'
(Font)                  OMX/cmex/m/n --> OMX/cmex/m/n on input line 57.
LaTeX Font Info:    Overwriting symbol font `largesymbols' in version `bold'
(Font)                  OMX/cmex/m/n --> OMX/cmex/m/n on input line 57.
\big@size=\dimen138
)
\c@part=\count182
\c@section=\count183
\c@subsection=\count184
\c@subsubsection=\count185
\c@paragraph=\count186
\c@subparagraph=\count187
\c@figure=\count188
\c@table=\count189
\abovecaptionskip=\skip47
\belowcaptionskip=\skip48
\bibindent=\dimen139
)
(C:\Program Files\MiKTeX\tex/latex/base\inputenc.sty
Package: inputenc 2021/02/14 v1.3d Input encoding file
\inpenc@prehook=\toks16
\inpenc@posthook=\toks17
)
(C:\Users\yacou\AppData\Roaming\MiKTeX\tex/latex/geometry\geometry.sty
Package: geometry 2020/01/02 v5.9 Page Geometry

(C:\Program Files\MiKTeX\tex/latex/graphics\keyval.sty
Package: keyval 2014/10/28 v1.15 key=value parser (DPC)
\KV@toks@=\toks18
)
(C:\Program Files\MiKTeX\tex/generic/iftex\ifvtex.sty
Package: ifvtex 2019/10/25 v1.7 ifvtex legacy package. Use iftex instead.

(C:\Program Files\MiKTeX\tex/generic/iftex\iftex.sty
Package: iftex 2020/03/06 v1.0d TeX engine tests
))
\Gm@cnth=\count190
\Gm@cntv=\count191
\c@Gm@tempcnt=\count192
\Gm@bindingoffset=\dimen140
\Gm@wd@mp=\dimen141
\Gm@odd@mp=\dimen142
\Gm@even@mp=\dimen143
\Gm@layoutwidth=\dimen144
\Gm@layoutheight=\dimen145
\Gm@layouthoffset=\dimen146
\Gm@layoutvoffset=\dimen147
\Gm@dimlist=\toks19

(C:\Users\yacou\AppData\Roaming\MiKTeX\tex/latex/geometry\geometry.cfg))
(C:\Program Files\MiKTeX\tex/latex/blindtext\blindtext.sty
Package: blindtext 2012/01/06 V2.0 blindtext-Package

(C:\Program Files\MiKTeX\tex/latex/tools\xspace.sty
Package: xspace 2014/10/28 v1.13 Space after command names (DPC,MH)
)
\c@blindtext=\count193
\c@Blindtext=\count194
\c@blind@countparstart=\count195
\blind@countxx=\count196
\blindtext@numBlindtext=\count197
\blind@countyy=\count198
\c@blindlist=\count199
\c@blindlistlevel=\count266
\c@blindlist@level=\count267
\blind@listitem=\count268
\c@blind@listcount=\count269
\c@blind@levelcount=\count270
\blind@mathformula=\count271
\blind@Mathformula=\count272
\c@blind@randomcount=\count273
\c@blind@randommax=\count274
\c@blind@pangramcount=\count275
\c@blind@pangrammax=\count276
)
(C:\Users\yacou\AppData\Roaming\MiKTeX\tex/latex/setspace\setspace.sty
Package: setspace 2011/12/19 v6.7a set line spacing
)
(C:\Program Files\MiKTeX\tex/latex/graphics\graphics.sty
Package: graphics 2021/03/04 v1.4d Standard LaTeX Graphics (DPC,SPQR)

(C:\Program Files\MiKTeX\tex/latex/graphics\trig.sty
Package: trig 2016/01/03 v1.10 sin cos tan (DPC)
)
(C:\Program Files\MiKTeX\tex/latex/graphics-cfg\graphics.cfg
File: graphics.cfg 2016/06/04 v1.11 sample graphics configuration
)
Package graphics Info: Driver file: pdftex.def on input line 107.

(C:\Program Files\MiKTeX\tex/latex/graphics-def\pdftex.def
File: pdftex.def 2020/10/05 v1.2a Graphics/color driver for pdftex
))
(C:\Users\yacou\AppData\Roaming\MiKTeX\tex/latex/notoccite\notoccite.sty
Package: notoccite 2000/07/20
)
(C:\Program Files\MiKTeX\tex/latex/graphics\lscape.sty
Package: lscape 2020/05/28 v3.02 Landscape Pages (DPC)
)
(C:\Users\yacou\AppData\Roaming\MiKTeX\tex/latex/caption\caption.sty
Package: caption 2020/10/26 v3.5g Customizing captions (AR)

(C:\Users\yacou\AppData\Roaming\MiKTeX\tex/latex/caption\caption3.sty
Package: caption3 2020/10/21 v2.2e caption3 kernel (AR)
\captionmargin=\dimen148
\captionmargin@=\dimen149
\captionwidth=\dimen150
\caption@tempdima=\dimen151
\caption@indent=\dimen152
\caption@parindent=\dimen153
\caption@hangindent=\dimen154
Package caption Info: Standard document class detected.
)
\c@caption@flags=\count277
\c@continuedfloat=\count278
)
(C:\Program Files\MiKTeX\tex/latex/hyperref\hyperref.sty
Package: hyperref 2021-06-07 v7.00m Hypertext links for LaTeX

(C:\Users\yacou\AppData\Roaming\MiKTeX\tex/generic/ltxcmds\ltxcmds.sty
Package: ltxcmds 2020-05-10 v1.25 LaTeX kernel commands for general use (HO)
)
(C:\Program Files\MiKTeX\tex/generic/pdftexcmds\pdftexcmds.sty
Package: pdftexcmds 2020-06-27 v0.33 Utility functions of pdfTeX for LuaTeX (HO
)

(C:\Users\yacou\AppData\Roaming\MiKTeX\tex/generic/infwarerr\infwarerr.sty
Package: infwarerr 2019/12/03 v1.5 Providing info/warning/error messages (HO)
)
Package pdftexcmds Info: \pdf@primitive is available.
Package pdftexcmds Info: \pdf@ifprimitive is available.
Package pdftexcmds Info: \pdfdraftmode found.
)
(C:\Users\yacou\AppData\Roaming\MiKTeX\tex/generic/kvsetkeys\kvsetkeys.sty
Package: kvsetkeys 2019/12/15 v1.18 Key value parser (HO)
)
(C:\Users\yacou\AppData\Roaming\MiKTeX\tex/generic/kvdefinekeys\kvdefinekeys.st
y
Package: kvdefinekeys 2019-12-19 v1.6 Define keys (HO)
) (C:\Users\yacou\AppData\Roaming\MiKTeX\tex/generic/pdfescape\pdfescape.sty
Package: pdfescape 2019/12/09 v1.15 Implements pdfTeX's escape features (HO)
)
(C:\Users\yacou\AppData\Roaming\MiKTeX\tex/latex/hycolor\hycolor.sty
Package: hycolor 2020-01-27 v1.10 Color options for hyperref/bookmark (HO)
)
(C:\Users\yacou\AppData\Roaming\MiKTeX\tex/latex/letltxmacro\letltxmacro.sty
Package: letltxmacro 2019/12/03 v1.6 Let assignment for LaTeX macros (HO)
)
(C:\Users\yacou\AppData\Roaming\MiKTeX\tex/latex/auxhook\auxhook.sty
Package: auxhook 2019-12-17 v1.6 Hooks for auxiliary files (HO)
)
(C:\Users\yacou\AppData\Roaming\MiKTeX\tex/latex/kvoptions\kvoptions.sty
Package: kvoptions 2020-10-07 v3.14 Key value format for package options (HO)
)
\@linkdim=\dimen155
\Hy@linkcounter=\count279
\Hy@pagecounter=\count280

(C:\Program Files\MiKTeX\tex/latex/hyperref\pd1enc.def
File: pd1enc.def 2021-06-07 v7.00m Hyperref: PDFDocEncoding definition (HO)
Now handling font encoding PD1 ...
... no UTF-8 mapping file for font encoding PD1
)
(C:\Program Files\MiKTeX\tex/latex/hyperref\hyperref-langpatches.def
File: hyperref-langpatches.def 2021-06-07 v7.00m Hyperref: patches for babel la
nguages
)
(C:\Users\yacou\AppData\Roaming\MiKTeX\tex/generic/intcalc\intcalc.sty
Package: intcalc 2019/12/15 v1.3 Expandable calculations with integers (HO)
)
(C:\Users\yacou\AppData\Roaming\MiKTeX\tex/generic/etexcmds\etexcmds.sty
Package: etexcmds 2019/12/15 v1.7 Avoid name clashes with e-TeX commands (HO)
)
\Hy@SavedSpaceFactor=\count281

(C:\Program Files\MiKTeX\tex/latex/hyperref\puenc.def
File: puenc.def 2021-06-07 v7.00m Hyperref: PDF Unicode definition (HO)
Now handling font encoding PU ...
... no UTF-8 mapping file for font encoding PU
)
Package hyperref Info: Hyper figures OFF on input line 4192.
Package hyperref Info: Link nesting OFF on input line 4197.
Package hyperref Info: Hyper index ON on input line 4200.
Package hyperref Info: Plain pages OFF on input line 4207.
Package hyperref Info: Backreferencing OFF on input line 4212.
Package hyperref Info: Implicit mode ON; LaTeX internals redefined.
Package hyperref Info: Bookmarks ON on input line 4445.
\c@Hy@tempcnt=\count282

(C:\Program Files\MiKTeX\tex/latex/url\url.sty
\Urlmuskip=\muskip16
Package: url 2013/09/16  ver 3.4  Verb mode for urls, etc.
)
LaTeX Info: Redefining \url on input line 4804.
\XeTeXLinkMargin=\dimen156

(C:\Users\yacou\AppData\Roaming\MiKTeX\tex/generic/bitset\bitset.sty
Package: bitset 2019/12/09 v1.3 Handle bit-vector datatype (HO)

(C:\Users\yacou\AppData\Roaming\MiKTeX\tex/generic/bigintcalc\bigintcalc.sty
Package: bigintcalc 2019/12/15 v1.5 Expandable calculations on big integers (HO
)
))
\Fld@menulength=\count283
\Field@Width=\dimen157
\Fld@charsize=\dimen158
Package hyperref Info: Hyper figures OFF on input line 6076.
Package hyperref Info: Link nesting OFF on input line 6081.
Package hyperref Info: Hyper index ON on input line 6084.
Package hyperref Info: backreferencing OFF on input line 6091.
Package hyperref Info: Link coloring OFF on input line 6096.
Package hyperref Info: Link coloring with OCG OFF on input line 6101.
Package hyperref Info: PDF/A mode OFF on input line 6106.
LaTeX Info: Redefining \ref on input line 6146.
LaTeX Info: Redefining \pageref on input line 6150.

(C:\Program Files\MiKTeX\tex/latex/base\atbegshi-ltx.sty
Package: atbegshi-ltx 2021/01/10 v1.0c Emulation of the original atbegshi
package with kernel methods
)
\Hy@abspage=\count284
\c@Item=\count285
\c@Hfootnote=\count286
)
Package hyperref Info: Driver (autodetected): hpdftex.

(C:\Program Files\MiKTeX\tex/latex/hyperref\hpdftex.def
File: hpdftex.def 2021-06-07 v7.00m Hyperref driver for pdfTeX

(C:\Program Files\MiKTeX\tex/latex/base\atveryend-ltx.sty
Package: atveryend-ltx 2020/08/19 v1.0a Emulation of the original atvery packag
e
with kernel methods
)
\Fld@listcount=\count287
\c@bookmark@seq@number=\count288

(C:\Users\yacou\AppData\Roaming\MiKTeX\tex/latex/rerunfilecheck\rerunfilecheck.
sty
Package: rerunfilecheck 2019/12/05 v1.9 Rerun checks for auxiliary files (HO)

(C:\Users\yacou\AppData\Roaming\MiKTeX\tex/generic/uniquecounter\uniquecounter.
sty
Package: uniquecounter 2019/12/15 v1.4 Provide unlimited unique counter (HO)
)
Package uniquecounter Info: New unique counter `rerunfilecheck' on input line 2
86.
)
\Hy@SectionHShift=\skip49
) (C:\Users\yacou\AppData\Roaming\MiKTeX\tex/latex/enumitem\enumitem.sty
Package: enumitem 2019/06/20 v3.9 Customized lists
\labelindent=\skip50
\enit@outerparindent=\dimen159
\enit@toks=\toks20
\enit@inbox=\box50
\enit@count@id=\count289
\enitdp@description=\count290
)
(C:\Users\yacou\AppData\Roaming\MiKTeX\tex/latex/datetime\datetime.sty
Package: datetime 2015/03/20 v2.60 Date Time Package

(C:\Program Files\MiKTeX\tex/latex/etoolbox\etoolbox.sty
Package: etoolbox 2020/10/05 v2.5k e-TeX tools for LaTeX (JAW)
\etb@tempcnta=\count291
)
(C:\Users\yacou\AppData\Roaming\MiKTeX\tex/latex/fmtcount\fmtcount.sty
Package: fmtcount 2020/01/30 v3.07

(C:\Program Files\MiKTeX\tex/latex/base\ifthen.sty
Package: ifthen 2020/11/24 v1.1c Standard LaTeX ifthen package (DPC)
)
(C:\Program Files\MiKTeX\tex/latex/xkeyval\xkeyval.sty
Package: xkeyval 2020/11/20 v2.8 package option processing (HA)

(C:\Program Files\MiKTeX\tex/generic/xkeyval\xkeyval.tex
(C:\Program Files\MiKTeX\tex/generic/xkeyval\xkvutils.tex
\XKV@toks=\toks21
\XKV@tempa@toks=\toks22
)
\XKV@depth=\count292
File: xkeyval.tex 2014/12/03 v2.7a key=value parser (HA)
))
(C:\Users\yacou\AppData\Roaming\MiKTeX\tex/latex/fmtcount\fcprefix.sty
Package: fcprefix 2012/09/28

(C:\Users\yacou\AppData\Roaming\MiKTeX\tex/latex/fmtcount\fcnumparser.sty
Package: fcnumparser 2017/06/15
\fc@digit@counter=\count293
))
(C:\Program Files\MiKTeX\tex/latex/amsmath\amsgen.sty
File: amsgen.sty 1999/11/30 v2.0 generic functions
\@emptytoks=\toks23
\ex@=\dimen160
)
\c@padzeroesN=\count294
\fc@tmpcatcode=\count295
\@DT@modctr=\count296
\@ordinalctr=\count297
\@orgargctr=\count298
\@strctr=\count299
\@tmpstrctr=\count300
\@DT@loopN=\count301
\@DT@X=\count302
)
(C:\Users\yacou\AppData\Roaming\MiKTeX\tex/latex/datetime\datetime-defaults.sty
Package: datetime-defaults 2013/09/10
)
\@day=\count303
\@month=\count304
\@year=\count305
\c@HOUR=\count306
\c@HOURXII=\count307
\c@MINUTE=\count308
\c@TOHOUR=\count309
\c@TOMINUTE=\count310
\c@SECOND=\count311
\currenthour=\count312
\currentminute=\count313
\currentsecond=\count314
Package datetime Info: No datetime.cfg file found, using default settings on in
put line 308.
\@dtctr=\count315
\dayofyear=\count316
\dayofweek=\count317
LaTeX Info: Redefining \today on input line 736.
\dt@a=\toks24
\dt@b=\toks25
) (C:\Users\yacou\AppData\Roaming\MiKTeX\tex/latex/titlesec\titlesec.sty
Package: titlesec 2021/07/05 v2.14 Sectioning titles
\ttl@box=\box51
\beforetitleunit=\skip51
\aftertitleunit=\skip52
\ttl@plus=\dimen161
\ttl@minus=\dimen162
\ttl@toksa=\toks26
\titlewidth=\dimen163
\titlewidthlast=\dimen164
\titlewidthfirst=\dimen165
)
(C:\Users\yacou\AppData\Roaming\MiKTeX\tex/latex/booktabs\booktabs.sty
Package: booktabs 2020/01/12 v1.61803398 Publication quality tables
\heavyrulewidth=\dimen166
\lightrulewidth=\dimen167
\cmidrulewidth=\dimen168
\belowrulesep=\dimen169
\belowbottomsep=\dimen170
\aboverulesep=\dimen171
\abovetopsep=\dimen172
\cmidrulesep=\dimen173
\cmidrulekern=\dimen174
\defaultaddspace=\dimen175
\@cmidla=\count318
\@cmidlb=\count319
\@aboverulesep=\dimen176
\@belowrulesep=\dimen177
\@thisruleclass=\count320
\@lastruleclass=\count321
\@thisrulewidth=\dimen178
)
(C:\Users\yacou\AppData\Roaming\MiKTeX\tex/latex/siunitx\siunitx.sty
Package: siunitx 2021-08-27 v3.0.28 A comprehensive (SI) units package
\l__siunitx_angle_tmp_dim=\dimen179
\l__siunitx_angle_marker_box=\box52
\l__siunitx_angle_unit_box=\box53
\l__siunitx_compound_count_int=\count322

(C:\Users\yacou\AppData\Roaming\MiKTeX\tex/latex/translations\translations.sty
Package: translations 2021/01/17 v1.10a internationalization of LaTeX2e package
s (CN)
)
\l__siunitx_number_exponent_fixed_int=\count323
\l__siunitx_number_min_decimal_int=\count324
\l__siunitx_number_min_integer_int=\count325
\l__siunitx_number_round_precision_int=\count326
\l__siunitx_number_group_minimum_int=\count327
(C:\Program Files\MiKTeX\tex/latex/amsmath\amstext.sty
Package: amstext 2000/06/29 v2.01 AMS text
)
(C:\Program Files\MiKTeX\tex/latex/graphics\color.sty
Package: color 2020/02/24 v1.2b Standard LaTeX Color (DPC)

(C:\Program Files\MiKTeX\tex/latex/graphics-cfg\color.cfg
File: color.cfg 2016/01/02 v1.6 sample color configuration
)
Package color Info: Driver file: pdftex.def on input line 149.
)
\l__siunitx_table_tmp_box=\box54
\l__siunitx_table_tmp_dim=\dimen180
\l__siunitx_table_column_width_dim=\dimen181
\l__siunitx_table_integer_box=\box55
\l__siunitx_table_decimal_box=\box56
\l__siunitx_table_before_box=\box57
\l__siunitx_table_after_box=\box58
\l__siunitx_table_before_dim=\dimen182
\l__siunitx_table_carry_dim=\dimen183
\l__siunitx_unit_tmp_int=\count328
\l__siunitx_unit_position_int=\count329
\l__siunitx_unit_total_int=\count330

(C:\Program Files\MiKTeX\tex/latex/l3packages/l3keys2e\l3keys2e.sty
(C:\Program Files\MiKTeX\tex/latex/l3kernel\expl3.sty
Package: expl3 2021-07-12 L3 programming layer (loader) 

(C:\Program Files\MiKTeX\tex/latex/l3backend\l3backend-pdftex.def
File: l3backend-pdftex.def 2021-08-04 L3 backend support: PDF output (pdfTeX)
\l__color_backend_stack_int=\count331
\l__pdf_internal_box=\box59
))
Package: l3keys2e 2021-08-04 LaTeX2e option processing using LaTeX3 keys
)
(C:\Program Files\MiKTeX\tex/latex/tools\array.sty
Package: array 2021/04/20 v2.5e Tabular extension package (FMi)
\col@sep=\dimen184
\ar@mcellbox=\box60
\extrarowheight=\dimen185
\NC@list=\toks27
\extratabsurround=\skip53
\backup@length=\skip54
\ar@cellbox=\box61
))
(C:\Program Files\MiKTeX\tex/latex/pgfplots\pgfplotstable.sty
(C:\Program Files\MiKTeX\tex/generic/pgfplots\pgfplots.revision.tex)
Package: pgfplotstable 2021/05/15 v1.18.1 Table typesetting and Pretty-printing
 (1.18.1)

(C:\Program Files\MiKTeX\tex/latex/pgfplots\pgfplots.sty
(C:\Program Files\MiKTeX\tex/generic/pgfplots\pgfplots.revision.tex)
Package: pgfplots 2021/05/15 v1.18.1 Data Visualization (1.18.1)

(C:\Program Files\MiKTeX\tex/latex/graphics\graphicx.sty
Package: graphicx 2020/12/05 v1.2c Enhanced LaTeX Graphics (DPC,SPQR)
\Gin@req@height=\dimen186
\Gin@req@width=\dimen187
)
(C:\Program Files\MiKTeX\tex/latex/pgf/frontendlayer\tikz.sty
(C:\Program Files\MiKTeX\tex/latex/pgf/basiclayer\pgf.sty
(C:\Program Files\MiKTeX\tex/latex/pgf/utilities\pgfrcs.sty
(C:\Program Files\MiKTeX\tex/generic/pgf/utilities\pgfutil-common.tex
\pgfutil@everybye=\toks28
\pgfutil@tempdima=\dimen188
\pgfutil@tempdimb=\dimen189

(C:\Program Files\MiKTeX\tex/generic/pgf/utilities\pgfutil-common-lists.tex))
(C:\Program Files\MiKTeX\tex/generic/pgf/utilities\pgfutil-latex.def
\pgfutil@abb=\box62
)
(C:\Program Files\MiKTeX\tex/generic/pgf/utilities\pgfrcs.code.tex
(C:\Program Files\MiKTeX\tex/generic/pgf\pgf.revision.tex)
Package: pgfrcs 2021/05/15 v3.1.9a (3.1.9a)
))
Package: pgf 2021/05/15 v3.1.9a (3.1.9a)

(C:\Program Files\MiKTeX\tex/latex/pgf/basiclayer\pgfcore.sty
(C:\Program Files\MiKTeX\tex/latex/pgf/systemlayer\pgfsys.sty
(C:\Program Files\MiKTeX\tex/generic/pgf/systemlayer\pgfsys.code.tex
Package: pgfsys 2021/05/15 v3.1.9a (3.1.9a)

(C:\Program Files\MiKTeX\tex/generic/pgf/utilities\pgfkeys.code.tex
\pgfkeys@pathtoks=\toks29
\pgfkeys@temptoks=\toks30

(C:\Program Files\MiKTeX\tex/generic/pgf/utilities\pgfkeysfiltered.code.tex
\pgfkeys@tmptoks=\toks31
))
\pgf@x=\dimen190
\pgf@y=\dimen191
\pgf@xa=\dimen192
\pgf@ya=\dimen193
\pgf@xb=\dimen194
\pgf@yb=\dimen195
\pgf@xc=\dimen196
\pgf@yc=\dimen197
\pgf@xd=\dimen198
\pgf@yd=\dimen199
\w@pgf@writea=\write3
\r@pgf@reada=\read2
\c@pgf@counta=\count332
\c@pgf@countb=\count333
\c@pgf@countc=\count334
\c@pgf@countd=\count335
\t@pgf@toka=\toks32
\t@pgf@tokb=\toks33
\t@pgf@tokc=\toks34
\pgf@sys@id@count=\count336

(C:\Program Files\MiKTeX\tex/generic/pgf/systemlayer\pgf.cfg
File: pgf.cfg 2021/05/15 v3.1.9a (3.1.9a)
)
Driver file for pgf: pgfsys-pdftex.def

(C:\Program Files\MiKTeX\tex/generic/pgf/systemlayer\pgfsys-pdftex.def
File: pgfsys-pdftex.def 2021/05/15 v3.1.9a (3.1.9a)

(C:\Program Files\MiKTeX\tex/generic/pgf/systemlayer\pgfsys-common-pdf.def
File: pgfsys-common-pdf.def 2021/05/15 v3.1.9a (3.1.9a)
)))
(C:\Program Files\MiKTeX\tex/generic/pgf/systemlayer\pgfsyssoftpath.code.tex
File: pgfsyssoftpath.code.tex 2021/05/15 v3.1.9a (3.1.9a)
\pgfsyssoftpath@smallbuffer@items=\count337
\pgfsyssoftpath@bigbuffer@items=\count338
)
(C:\Program Files\MiKTeX\tex/generic/pgf/systemlayer\pgfsysprotocol.code.tex
File: pgfsysprotocol.code.tex 2021/05/15 v3.1.9a (3.1.9a)
))
(C:\Program Files\MiKTeX\tex/latex/xcolor\xcolor.sty
Package: xcolor 2016/05/11 v2.12 LaTeX color extensions (UK)

(C:\Program Files\MiKTeX\tex/latex/graphics-cfg\color.cfg
File: color.cfg 2016/01/02 v1.6 sample color configuration
)
Package xcolor Info: Driver file: pdftex.def on input line 225.
LaTeX Info: Redefining \color on input line 709.
Package xcolor Info: Model `cmy' substituted by `cmy0' on input line 1348.
Package xcolor Info: Model `hsb' substituted by `rgb' on input line 1352.
Package xcolor Info: Model `RGB' extended on input line 1364.
Package xcolor Info: Model `HTML' substituted by `rgb' on input line 1366.
Package xcolor Info: Model `Hsb' substituted by `hsb' on input line 1367.
Package xcolor Info: Model `tHsb' substituted by `hsb' on input line 1368.
Package xcolor Info: Model `HSB' substituted by `hsb' on input line 1369.
Package xcolor Info: Model `Gray' substituted by `gray' on input line 1370.
Package xcolor Info: Model `wave' substituted by `hsb' on input line 1371.
)
(C:\Program Files\MiKTeX\tex/generic/pgf/basiclayer\pgfcore.code.tex
Package: pgfcore 2021/05/15 v3.1.9a (3.1.9a)

(C:\Program Files\MiKTeX\tex/generic/pgf/math\pgfmath.code.tex
(C:\Program Files\MiKTeX\tex/generic/pgf/math\pgfmathcalc.code.tex
(C:\Program Files\MiKTeX\tex/generic/pgf/math\pgfmathutil.code.tex)
(C:\Program Files\MiKTeX\tex/generic/pgf/math\pgfmathparser.code.tex
\pgfmath@dimen=\dimen256
\pgfmath@count=\count339
\pgfmath@box=\box63
\pgfmath@toks=\toks35
\pgfmath@stack@operand=\toks36
\pgfmath@stack@operation=\toks37
)
(C:\Program Files\MiKTeX\tex/generic/pgf/math\pgfmathfunctions.code.tex
(C:\Program Files\MiKTeX\tex/generic/pgf/math\pgfmathfunctions.basic.code.tex)
(C:\Program Files\MiKTeX\tex/generic/pgf/math\pgfmathfunctions.trigonometric.co
de.tex)
(C:\Program Files\MiKTeX\tex/generic/pgf/math\pgfmathfunctions.random.code.tex)

(C:\Program Files\MiKTeX\tex/generic/pgf/math\pgfmathfunctions.comparison.code.
tex)
(C:\Program Files\MiKTeX\tex/generic/pgf/math\pgfmathfunctions.base.code.tex)
(C:\Program Files\MiKTeX\tex/generic/pgf/math\pgfmathfunctions.round.code.tex)
(C:\Program Files\MiKTeX\tex/generic/pgf/math\pgfmathfunctions.misc.code.tex)
(C:\Program Files\MiKTeX\tex/generic/pgf/math\pgfmathfunctions.integerarithmeti
cs.code.tex)))
(C:\Program Files\MiKTeX\tex/generic/pgf/math\pgfmathfloat.code.tex
\c@pgfmathroundto@lastzeros=\count340
))
(C:\Program Files\MiKTeX\tex/generic/pgf/math\pgfint.code.tex)
(C:\Program Files\MiKTeX\tex/generic/pgf/basiclayer\pgfcorepoints.code.tex
File: pgfcorepoints.code.tex 2021/05/15 v3.1.9a (3.1.9a)
\pgf@picminx=\dimen257
\pgf@picmaxx=\dimen258
\pgf@picminy=\dimen259
\pgf@picmaxy=\dimen260
\pgf@pathminx=\dimen261
\pgf@pathmaxx=\dimen262
\pgf@pathminy=\dimen263
\pgf@pathmaxy=\dimen264
\pgf@xx=\dimen265
\pgf@xy=\dimen266
\pgf@yx=\dimen267
\pgf@yy=\dimen268
\pgf@zx=\dimen269
\pgf@zy=\dimen270
)
(C:\Program Files\MiKTeX\tex/generic/pgf/basiclayer\pgfcorepathconstruct.code.t
ex
File: pgfcorepathconstruct.code.tex 2021/05/15 v3.1.9a (3.1.9a)
\pgf@path@lastx=\dimen271
\pgf@path@lasty=\dimen272
)
(C:\Program Files\MiKTeX\tex/generic/pgf/basiclayer\pgfcorepathusage.code.tex
File: pgfcorepathusage.code.tex 2021/05/15 v3.1.9a (3.1.9a)
\pgf@shorten@end@additional=\dimen273
\pgf@shorten@start@additional=\dimen274
)
(C:\Program Files\MiKTeX\tex/generic/pgf/basiclayer\pgfcorescopes.code.tex
File: pgfcorescopes.code.tex 2021/05/15 v3.1.9a (3.1.9a)
\pgfpic=\box64
\pgf@hbox=\box65
\pgf@layerbox@main=\box66
\pgf@picture@serial@count=\count341
)
(C:\Program Files\MiKTeX\tex/generic/pgf/basiclayer\pgfcoregraphicstate.code.te
x
File: pgfcoregraphicstate.code.tex 2021/05/15 v3.1.9a (3.1.9a)
\pgflinewidth=\dimen275
)
(C:\Program Files\MiKTeX\tex/generic/pgf/basiclayer\pgfcoretransformations.code
.tex
File: pgfcoretransformations.code.tex 2021/05/15 v3.1.9a (3.1.9a)
\pgf@pt@x=\dimen276
\pgf@pt@y=\dimen277
\pgf@pt@temp=\dimen278
) (C:\Program Files\MiKTeX\tex/generic/pgf/basiclayer\pgfcorequick.code.tex
File: pgfcorequick.code.tex 2021/05/15 v3.1.9a (3.1.9a)
) (C:\Program Files\MiKTeX\tex/generic/pgf/basiclayer\pgfcoreobjects.code.tex
File: pgfcoreobjects.code.tex 2021/05/15 v3.1.9a (3.1.9a)
)
(C:\Program Files\MiKTeX\tex/generic/pgf/basiclayer\pgfcorepathprocessing.code.
tex
File: pgfcorepathprocessing.code.tex 2021/05/15 v3.1.9a (3.1.9a)
) (C:\Program Files\MiKTeX\tex/generic/pgf/basiclayer\pgfcorearrows.code.tex
File: pgfcorearrows.code.tex 2021/05/15 v3.1.9a (3.1.9a)
\pgfarrowsep=\dimen279
) (C:\Program Files\MiKTeX\tex/generic/pgf/basiclayer\pgfcoreshade.code.tex
File: pgfcoreshade.code.tex 2021/05/15 v3.1.9a (3.1.9a)
\pgf@max=\dimen280
\pgf@sys@shading@range@num=\count342
\pgf@shadingcount=\count343
)
(C:\Program Files\MiKTeX\tex/generic/pgf/basiclayer\pgfcoreimage.code.tex
File: pgfcoreimage.code.tex 2021/05/15 v3.1.9a (3.1.9a)

(C:\Program Files\MiKTeX\tex/generic/pgf/basiclayer\pgfcoreexternal.code.tex
File: pgfcoreexternal.code.tex 2021/05/15 v3.1.9a (3.1.9a)
\pgfexternal@startupbox=\box67
))
(C:\Program Files\MiKTeX\tex/generic/pgf/basiclayer\pgfcorelayers.code.tex
File: pgfcorelayers.code.tex 2021/05/15 v3.1.9a (3.1.9a)
)
(C:\Program Files\MiKTeX\tex/generic/pgf/basiclayer\pgfcoretransparency.code.te
x
File: pgfcoretransparency.code.tex 2021/05/15 v3.1.9a (3.1.9a)
) (C:\Program Files\MiKTeX\tex/generic/pgf/basiclayer\pgfcorepatterns.code.tex
File: pgfcorepatterns.code.tex 2021/05/15 v3.1.9a (3.1.9a)
) (C:\Program Files\MiKTeX\tex/generic/pgf/basiclayer\pgfcorerdf.code.tex
File: pgfcorerdf.code.tex 2021/05/15 v3.1.9a (3.1.9a)
)))
(C:\Program Files\MiKTeX\tex/generic/pgf/modules\pgfmoduleshapes.code.tex
File: pgfmoduleshapes.code.tex 2021/05/15 v3.1.9a (3.1.9a)
\pgfnodeparttextbox=\box68
)
(C:\Program Files\MiKTeX\tex/generic/pgf/modules\pgfmoduleplot.code.tex
File: pgfmoduleplot.code.tex 2021/05/15 v3.1.9a (3.1.9a)
)
(C:\Program Files\MiKTeX\tex/latex/pgf/compatibility\pgfcomp-version-0-65.sty
Package: pgfcomp-version-0-65 2021/05/15 v3.1.9a (3.1.9a)
\pgf@nodesepstart=\dimen281
\pgf@nodesepend=\dimen282
)
(C:\Program Files\MiKTeX\tex/latex/pgf/compatibility\pgfcomp-version-1-18.sty
Package: pgfcomp-version-1-18 2021/05/15 v3.1.9a (3.1.9a)
)) (C:\Program Files\MiKTeX\tex/latex/pgf/utilities\pgffor.sty
(C:\Program Files\MiKTeX\tex/latex/pgf/utilities\pgfkeys.sty
(C:\Program Files\MiKTeX\tex/generic/pgf/utilities\pgfkeys.code.tex))
(C:\Program Files\MiKTeX\tex/latex/pgf/math\pgfmath.sty
(C:\Program Files\MiKTeX\tex/generic/pgf/math\pgfmath.code.tex))
(C:\Program Files\MiKTeX\tex/generic/pgf/utilities\pgffor.code.tex
Package: pgffor 2021/05/15 v3.1.9a (3.1.9a)

(C:\Program Files\MiKTeX\tex/generic/pgf/math\pgfmath.code.tex)
\pgffor@iter=\dimen283
\pgffor@skip=\dimen284
\pgffor@stack=\toks38
\pgffor@toks=\toks39
))
(C:\Program Files\MiKTeX\tex/generic/pgf/frontendlayer/tikz\tikz.code.tex
Package: tikz 2021/05/15 v3.1.9a (3.1.9a)

(C:\Program Files\MiKTeX\tex/generic/pgf/libraries\pgflibraryplothandlers.code.
tex
File: pgflibraryplothandlers.code.tex 2021/05/15 v3.1.9a (3.1.9a)
\pgf@plot@mark@count=\count344
\pgfplotmarksize=\dimen285
)
\tikz@lastx=\dimen286
\tikz@lasty=\dimen287
\tikz@lastxsaved=\dimen288
\tikz@lastysaved=\dimen289
\tikz@lastmovetox=\dimen290
\tikz@lastmovetoy=\dimen291
\tikzleveldistance=\dimen292
\tikzsiblingdistance=\dimen293
\tikz@figbox=\box69
\tikz@figbox@bg=\box70
\tikz@tempbox=\box71
\tikz@tempbox@bg=\box72
\tikztreelevel=\count345
\tikznumberofchildren=\count346
\tikznumberofcurrentchild=\count347
\tikz@fig@count=\count348
 (C:\Program Files\MiKTeX\tex/generic/pgf/modules\pgfmodulematrix.code.tex
File: pgfmodulematrix.code.tex 2021/05/15 v3.1.9a (3.1.9a)
\pgfmatrixcurrentrow=\count349
\pgfmatrixcurrentcolumn=\count350
\pgf@matrix@numberofcolumns=\count351
)
\tikz@expandcount=\count352

(C:\Program Files\MiKTeX\tex/generic/pgf/frontendlayer/tikz/libraries\tikzlibra
rytopaths.code.tex
File: tikzlibrarytopaths.code.tex 2021/05/15 v3.1.9a (3.1.9a)
)))
(C:\Program Files\MiKTeX\tex/generic/pgfplots\pgfplots.code.tex
(C:\Program Files\MiKTeX\tex/generic/pgfplots\pgfplotscore.code.tex
\t@pgfplots@toka=\toks40
\t@pgfplots@tokb=\toks41
\t@pgfplots@tokc=\toks42
\pgfplots@tmpa=\dimen294
\c@pgfplots@coordindex=\count353
\c@pgfplots@scanlineindex=\count354

(C:\Program Files\MiKTeX\tex/generic/pgfplots/sys\pgfplotssysgeneric.code.tex))
(C:\Program Files\MiKTeX\tex/generic/pgfplots/libs\pgfplotslibrary.code.tex)
(C:\Program Files\MiKTeX\tex/generic/pgfplots/oldpgfcompatib\pgfplotsoldpgfsupp
_loader.code.tex
(C:\Program Files\MiKTeX\tex/generic/pgf/libraries\pgflibraryfpu.code.tex))
(C:\Program Files\MiKTeX\tex/generic/pgfplots/util\pgfplotsutil.code.tex
(C:\Program Files\MiKTeX\tex/generic/pgfplots/liststructure\pgfplotsliststructu
re.code.tex)
(C:\Program Files\MiKTeX\tex/generic/pgfplots/liststructure\pgfplotsliststructu
reext.code.tex)
(C:\Program Files\MiKTeX\tex/generic/pgfplots/liststructure\pgfplotsarray.code.
tex
\c@pgfplotsarray@tmp=\count355
)
(C:\Program Files\MiKTeX\tex/generic/pgfplots/liststructure\pgfplotsmatrix.code
.tex)
(C:\Program Files\MiKTeX\tex/generic/pgfplots/numtable\pgfplotstableshared.code
.tex
\c@pgfplotstable@counta=\count356
\t@pgfplotstable@a=\toks43
)
(C:\Program Files\MiKTeX\tex/generic/pgfplots/liststructure\pgfplotsdeque.code.
tex) (C:\Program Files\MiKTeX\tex/generic/pgfplots/util\pgfplotsbinary.code.tex

(C:\Program Files\MiKTeX\tex/generic/pgfplots/util\pgfplotsbinary.data.code.tex
))
(C:\Program Files\MiKTeX\tex/generic/pgfplots/util\pgfplotsutil.verb.code.tex)
(C:\Program Files\MiKTeX\tex/generic/pgfplots/libs\pgflibrarypgfplots.surfshadi
ng.code.tex
\c@pgfplotslibrarysurf@no=\count357

(C:\Program Files\MiKTeX\tex/generic/pgfplots/sys\pgflibrarypgfplots.surfshadin
g.pgfsys-pdftex.def)))
(C:\Program Files\MiKTeX\tex/generic/pgfplots/util\pgfplotscolormap.code.tex
(C:\Program Files\MiKTeX\tex/generic/pgfplots/util\pgfplotscolor.code.tex))
(C:\Program Files\MiKTeX\tex/generic/pgfplots\pgfplotsstackedplots.code.tex)
(C:\Program Files\MiKTeX\tex/generic/pgfplots\pgfplotsplothandlers.code.tex
(C:\Program Files\MiKTeX\tex/generic/pgfplots\pgfplotsmeshplothandler.code.tex
(C:\Program Files\MiKTeX\tex/generic/pgfplots\pgfplotsmeshplotimage.code.tex)))
(C:\Program Files\MiKTeX\tex/generic/pgfplots\pgfplots.scaling.code.tex)
(C:\Program Files\MiKTeX\tex/generic/pgfplots\pgfplotscoordprocessing.code.tex)
(C:\Program Files\MiKTeX\tex/generic/pgfplots\pgfplots.errorbars.code.tex)
(C:\Program Files\MiKTeX\tex/generic/pgfplots\pgfplots.markers.code.tex)
(C:\Program Files\MiKTeX\tex/generic/pgfplots\pgfplotsticks.code.tex)
(C:\Program Files\MiKTeX\tex/generic/pgfplots\pgfplots.paths.code.tex)
(C:\Program Files\MiKTeX\tex/generic/pgf/frontendlayer/tikz/libraries\tikzlibra
rydecorations.code.tex
(C:\Program Files\MiKTeX\tex/generic/pgf/modules\pgfmoduledecorations.code.tex
\pgfdecoratedcompleteddistance=\dimen295
\pgfdecoratedremainingdistance=\dimen296
\pgfdecoratedinputsegmentcompleteddistance=\dimen297
\pgfdecoratedinputsegmentremainingdistance=\dimen298
\pgf@decorate@distancetomove=\dimen299
\pgf@decorate@repeatstate=\count358
\pgfdecorationsegmentamplitude=\dimen300
\pgfdecorationsegmentlength=\dimen301
)
\tikz@lib@dec@box=\box73
)
(C:\Program Files\MiKTeX\tex/generic/pgf/frontendlayer/tikz/libraries\tikzlibra
rydecorations.pathmorphing.code.tex
(C:\Program Files\MiKTeX\tex/generic/pgf/libraries/decorations\pgflibrarydecora
tions.pathmorphing.code.tex))
(C:\Program Files\MiKTeX\tex/generic/pgf/frontendlayer/tikz/libraries\tikzlibra
rydecorations.pathreplacing.code.tex
(C:\Program Files\MiKTeX\tex/generic/pgf/libraries/decorations\pgflibrarydecora
tions.pathreplacing.code.tex))
(C:\Program Files\MiKTeX\tex/generic/pgfplots/libs\tikzlibrarypgfplots.contourl
ua.code.tex)
\pgfplots@numplots=\count359
\pgfplots@xmin@reg=\dimen302
\pgfplots@xmax@reg=\dimen303
\pgfplots@ymin@reg=\dimen304
\pgfplots@ymax@reg=\dimen305
\pgfplots@zmin@reg=\dimen306
\pgfplots@zmax@reg=\dimen307
)
(C:\Program Files\MiKTeX\tex/generic/pgf/frontendlayer/tikz/libraries\tikzlibra
ryplotmarks.code.tex
File: tikzlibraryplotmarks.code.tex 2021/05/15 v3.1.9a (3.1.9a)

(C:\Program Files\MiKTeX\tex/generic/pgf/libraries\pgflibraryplotmarks.code.tex
File: pgflibraryplotmarks.code.tex 2021/05/15 v3.1.9a (3.1.9a)
)))
(C:\Program Files\MiKTeX\tex/generic/pgfplots/numtable\pgfplotstable.code.tex
(C:\Program Files\MiKTeX\tex/generic/pgfplots/numtable\pgfplotstable.coltype.co
de.tex))) (C:\Program Files\MiKTeX\tex/latex/amsmath\amsmath.sty
Package: amsmath 2021/04/20 v2.17j AMS math features
\@mathmargin=\skip55

For additional information on amsmath, use the `?' option.
(C:\Program Files\MiKTeX\tex/latex/amsmath\amsbsy.sty
Package: amsbsy 1999/11/29 v1.2d Bold Symbols
\pmbraise@=\dimen308
)
(C:\Program Files\MiKTeX\tex/latex/amsmath\amsopn.sty
Package: amsopn 2016/03/08 v2.02 operator names
)
\inf@bad=\count360
LaTeX Info: Redefining \frac on input line 234.
\uproot@=\count361
\leftroot@=\count362
LaTeX Info: Redefining \overline on input line 399.
\classnum@=\count363
\DOTSCASE@=\count364
LaTeX Info: Redefining \ldots on input line 496.
LaTeX Info: Redefining \dots on input line 499.
LaTeX Info: Redefining \cdots on input line 620.
\Mathstrutbox@=\box74
\strutbox@=\box75
\big@size=\dimen309
LaTeX Font Info:    Redeclaring font encoding OML on input line 743.
LaTeX Font Info:    Redeclaring font encoding OMS on input line 744.
\macc@depth=\count365
\c@MaxMatrixCols=\count366
\dotsspace@=\muskip17
\c@parentequation=\count367
\dspbrk@lvl=\count368
\tag@help=\toks44
\row@=\count369
\column@=\count370
\maxfields@=\count371
\andhelp@=\toks45
\eqnshift@=\dimen310
\alignsep@=\dimen311
\tagshift@=\dimen312
\tagwidth@=\dimen313
\totwidth@=\dimen314
\lineht@=\dimen315
\@envbody=\toks46
\multlinegap=\skip56
\multlinetaggap=\skip57
\mathdisplay@stack=\toks47
LaTeX Info: Redefining \[ on input line 2923.
LaTeX Info: Redefining \] on input line 2924.
)
(C:\Program Files\MiKTeX\tex/latex/tools\bm.sty
Package: bm 2021/04/25 v1.2e Bold Symbol Support (DPC/FMi)
\symboldoperators=\mathgroup4
\symboldletters=\mathgroup5
\symboldsymbols=\mathgroup6
Package bm Info: No bold for \OMX/cmex/m/n, using \pmb.
LaTeX Font Info:    Redeclaring math alphabet \mathbf on input line 149.
)
(C:\Users\yacou\AppData\Roaming\MiKTeX\tex/latex/chngcntr\chngcntr.sty
Package: chngcntr 2018/04/09 v1.1a change counter resetting
Package chngcntr Info: \counterwithout already defined.
(chngcntr)             Quitting chngcntr on input line 21.
)
Package translations Info: No language package found. I am going to use `englis
h' as default language. on input line 36.

(Thesis.aux)
\openout1 = `Thesis.aux'.

LaTeX Font Info:    Checking defaults for OML/cmm/m/it on input line 36.
LaTeX Font Info:    ... okay on input line 36.
LaTeX Font Info:    Checking defaults for OMS/cmsy/m/n on input line 36.
LaTeX Font Info:    ... okay on input line 36.
LaTeX Font Info:    Checking defaults for OT1/cmr/m/n on input line 36.
LaTeX Font Info:    ... okay on input line 36.
LaTeX Font Info:    Checking defaults for T1/cmr/m/n on input line 36.
LaTeX Font Info:    ... okay on input line 36.
LaTeX Font Info:    Checking defaults for TS1/cmr/m/n on input line 36.
LaTeX Font Info:    ... okay on input line 36.
LaTeX Font Info:    Checking defaults for OMX/cmex/m/n on input line 36.
LaTeX Font Info:    ... okay on input line 36.
LaTeX Font Info:    Checking defaults for U/cmr/m/n on input line 36.
LaTeX Font Info:    ... okay on input line 36.
LaTeX Font Info:    Checking defaults for PD1/pdf/m/n on input line 36.
LaTeX Font Info:    ... okay on input line 36.
LaTeX Font Info:    Checking defaults for PU/pdf/m/n on input line 36.
LaTeX Font Info:    ... okay on input line 36.

*geometry* driver: auto-detecting
*geometry* detected driver: pdftex
*geometry* verbose mode - [ preamble ] result:
* driver: pdftex
* paper: <default>
* layout: <same size as paper>
* layoutoffset:(h,v)=(0.0pt,0.0pt)
* modes: 
* h-part:(L,W,R)=(71.13188pt, 472.03123pt, 71.13188pt)
* v-part:(T,H,B)=(71.13188pt, 652.70622pt, 71.13188pt)
* \paperwidth=614.295pt
* \paperheight=794.96999pt
* \textwidth=472.03123pt
* \textheight=652.70622pt
* \oddsidemargin=-1.1381pt
* \evensidemargin=-1.1381pt
* \topmargin=-38.1381pt
* \headheight=12.0pt
* \headsep=25.0pt
* \topskip=12.0pt
* \footskip=30.0pt
* \marginparwidth=44.0pt
* \marginparsep=10.0pt
* \columnsep=10.0pt
* \skip\footins=10.8pt plus 4.0pt minus 2.0pt
* \hoffset=0.0pt
* \voffset=0.0pt
* \mag=1000
* \@twocolumnfalse
* \@twosidefalse
* \@mparswitchfalse
* \@reversemarginfalse
* (1in=72.27pt=25.4mm, 1cm=28.453pt)

(C:\Program Files\MiKTeX\tex/context/base/mkii\supp-pdf.mkii
[Loading MPS to PDF converter (version 2006.09.02).]
\scratchcounter=\count372
\scratchdimen=\dimen316
\scratchbox=\box76
\nofMPsegments=\count373
\nofMParguments=\count374
\everyMPshowfont=\toks48
\MPscratchCnt=\count375
\MPscratchDim=\dimen317
\MPnumerator=\count376
\makeMPintoPDFobject=\count377
\everyMPtoPDFconversion=\toks49
) (C:\Program Files\MiKTeX\tex/latex/epstopdf-pkg\epstopdf-base.sty
Package: epstopdf-base 2020-01-24 v2.11 Base part for package epstopdf
Package epstopdf-base Info: Redefining graphics rule for `.eps' on input line 4
85.

(C:\Program Files\MiKTeX\tex/latex/00miktex\epstopdf-sys.cfg
File: epstopdf-sys.cfg 2021/03/18 v2.0 Configuration of epstopdf for MiKTeX
))
Package caption Info: Begin \AtBeginDocument code.
Package caption Info: hyperref package is loaded.
Package caption Info: End \AtBeginDocument code.
Package hyperref Info: Link coloring OFF on input line 36.

(C:\Program Files\MiKTeX\tex/latex/hyperref\nameref.sty
Package: nameref 2021-04-02 v2.47 Cross-referencing by name of section

(C:\Users\yacou\AppData\Roaming\MiKTeX\tex/latex/refcount\refcount.sty
Package: refcount 2019/12/15 v3.6 Data extraction from label references (HO)
)
(C:\Users\yacou\AppData\Roaming\MiKTeX\tex/generic/gettitlestring\gettitlestrin
g.sty
Package: gettitlestring 2019/12/15 v1.6 Cleanup title references (HO)
)
\c@section@level=\count378
)
LaTeX Info: Redefining \ref on input line 36.
LaTeX Info: Redefining \pageref on input line 36.
LaTeX Info: Redefining \nameref on input line 36.
 (Thesis.out) (Thesis.out)
\@outlinefile=\write4
\openout4 = `Thesis.out'.


(C:\Users\yacou\AppData\Roaming\MiKTeX\tex/latex/fmtcount\fc-english.def
File: fc-english.def 2016/01/12
)
(C:\Users\yacou\AppData\Roaming\MiKTeX\tex/latex/translations/dicts\translation
s-basic-dictionary-english.trsl
File: translations-basic-dictionary-english.trsl (english translation file `tra
nslations-basic-dictionary')
)
Package translations Info: loading dictionary `translations-basic-dictionary' f
or `english'. on input line 36.


Package pgfplots Warning: running in backwards compatibility mode (unsuitable t
ick labels; missing features). Consider writing \pgfplotsset{compat=1.18} into 
your preamble.
 on input line 36.

<pics/AAU_Logo.jpg, id=70, 165.61874pt x 204.765pt>
File: pics/AAU_Logo.jpg Graphic file (type jpg)
<use pics/AAU_Logo.jpg>
Package pdftex.def Info: pics/AAU_Logo.jpg  used on input line 38.
(pdftex.def)             Requested size: 113.81102pt x 140.70996pt.

LaTeX Warning: No \author given.

[1


{C:/Users/yacou/AppData/Local/MiKTeX/pdftex/config/pdftex.map} <./pics/AAU_Logo
.jpg>]pdfTeX warning (ext4): destination with the same identifier (name{page.i}
) has been already used, duplicate ignored
<to be read again> 
                   \relax 
l.62 	\newpage
               [1] (Thesis.toc)
\tf@toc=\write5
\openout5 = `Thesis.toc'.

 (Thesis.lof)
\tf@lof=\write6
\openout6 = `Thesis.lof'.

 (Thesis.lot)
\tf@lot=\write7
\openout7 = `Thesis.lot'.

 [2] [3] [4]
Underfull \hbox (badness 10000) in paragraph at lines 81--81
[]|\OT1/cmr/bx/n/14.4 H\OT1/cmr/m/n/14.4 ierarchical \OT1/cmr/bx/n/14.4 D\OT1/c
mr/m/n/14.4 eep \OT1/cmr/bx/n/14.4 C\OT1/cmr/m/n/14.4 onvolutional
 []

[5] [6]
Underfull \hbox (badness 10000) in paragraph at lines 114--117

 []

[1] [2] [3]
Package epstopdf Info: Source file: <pics/Figures/Perceptron.eps>
(epstopdf)                    date: 2022-01-11 19:12:22
(epstopdf)                    size: 1585098 bytes
(epstopdf)             Output file: <pics/Figures/Perceptron-eps-converted-to.p
df>
(epstopdf)                    date: 2022-01-11 19:12:36
(epstopdf)                    size: 32959 bytes
(epstopdf)             Command: <miktex-epstopdf --outfile=pics/Figures/Percept
ron-eps-converted-to.pdf pics/Figures/Perceptron.eps>
(epstopdf)             \includegraphics on input line 136.
Package epstopdf Info: Output file is already uptodate.


pdfTeX warning: pdflatex.exe (file ./pics/Figures/Perceptron-eps-converted-to.p
df): PDF inclusion: found PDF version <1.7>, but at most version <1.5> allowed
<pics/Figures/Perceptron-eps-converted-to.pdf, id=180, 1040.88875pt x 523.9575p
t>
File: pics/Figures/Perceptron-eps-converted-to.pdf Graphic file (type pdf)
<use pics/Figures/Perceptron-eps-converted-to.pdf>
Package pdftex.def Info: pics/Figures/Perceptron-eps-converted-to.pdf  used on 
input line 136.
(pdftex.def)             Requested size: 330.42041pt x 166.32668pt.
[4 <./pics/Figures/Perceptron-eps-converted-to.pdf>]
Underfull \hbox (badness 10000) in paragraph at lines 151--152

 []


Underfull \hbox (badness 10000) in paragraph at lines 161--163

 []

[5]
Underfull \hbox (badness 10000) in paragraph at lines 173--178

 []

Package epstopdf Info: Source file: <pics/Figures/ANN.eps>
(epstopdf)                    date: 2022-01-12 07:30:26
(epstopdf)                    size: 1736062 bytes
(epstopdf)             Output file: <pics/Figures/ANN-eps-converted-to.pdf>
(epstopdf)                    date: 2022-01-12 07:30:49
(epstopdf)                    size: 50108 bytes
(epstopdf)             Command: <miktex-epstopdf --outfile=pics/Figures/ANN-eps
-converted-to.pdf pics/Figures/ANN.eps>
(epstopdf)             \includegraphics on input line 200.
Package epstopdf Info: Output file is already uptodate.


pdfTeX warning: pdflatex.exe (file ./pics/Figures/ANN-eps-converted-to.pdf): PD
F inclusion: found PDF version <1.7>, but at most version <1.5> allowed
<pics/Figures/ANN-eps-converted-to.pdf, id=213, 908.39375pt x 625.33624pt>
File: pics/Figures/ANN-eps-converted-to.pdf Graphic file (type pdf)
<use pics/Figures/ANN-eps-converted-to.pdf>
Package pdftex.def Info: pics/Figures/ANN-eps-converted-to.pdf  used on input l
ine 200.
(pdftex.def)             Requested size: 330.42041pt x 227.45862pt.

LaTeX Warning: `h' float specifier changed to `ht'.

[6] [7 <./pics/Figures/ANN-eps-converted-to.pdf>] [8]
Package epstopdf Info: Source file: <pics/Figures/MLP.eps>
(epstopdf)                    date: 2022-01-13 18:17:49
(epstopdf)                    size: 2176182 bytes
(epstopdf)             Output file: <pics/Figures/MLP-eps-converted-to.pdf>
(epstopdf)                    date: 2022-01-13 18:18:14
(epstopdf)                    size: 45576 bytes
(epstopdf)             Command: <miktex-epstopdf --outfile=pics/Figures/MLP-eps
-converted-to.pdf pics/Figures/MLP.eps>
(epstopdf)             \includegraphics on input line 231.
Package epstopdf Info: Output file is already uptodate.


pdfTeX warning: pdflatex.exe (file ./pics/Figures/MLP-eps-converted-to.pdf): PD
F inclusion: found PDF version <1.7>, but at most version <1.5> allowed
<pics/Figures/MLP-eps-converted-to.pdf, id=251, 976.64874pt x 815.045pt>
File: pics/Figures/MLP-eps-converted-to.pdf Graphic file (type pdf)
<use pics/Figures/MLP-eps-converted-to.pdf>
Package pdftex.def Info: pics/Figures/MLP-eps-converted-to.pdf  used on input l
ine 231.
(pdftex.def)             Requested size: 330.42041pt x 275.7436pt.
[9 <./pics/Figures/MLP-eps-converted-to.pdf>] [10]

LaTeX Warning: Reference `fig:cross-corr' on page 11 undefined on input line 25
5.

Package epstopdf Info: Source file: <pics/Figures/Classifier_Block_Diagram.eps>

(epstopdf)                    date: 2022-01-08 19:56:39
(epstopdf)                    size: 1072742 bytes
(epstopdf)             Output file: <pics/Figures/Classifier_Block_Diagram-eps-
converted-to.pdf>
(epstopdf)                    date: 2022-01-08 20:07:30
(epstopdf)                    size: 16517 bytes
(epstopdf)             Command: <miktex-epstopdf --outfile=pics/Figures/Classif
ier_Block_Diagram-eps-converted-to.pdf pics/Figures/Classifier_Block_Diagram.ep
s>
(epstopdf)             \includegraphics on input line 264.
Package epstopdf Info: Output file is already uptodate.


pdfTeX warning: pdflatex.exe (file ./pics/Figures/Classifier_Block_Diagram-eps-
converted-to.pdf): PDF inclusion: found PDF version <1.7>, but at most version 
<1.5> allowed
<pics/Figures/Classifier_Block_Diagram-eps-converted-to.pdf, id=279, 1310.8975p
t x 253.94875pt>
File: pics/Figures/Classifier_Block_Diagram-eps-converted-to.pdf Graphic file (
type pdf)
<use pics/Figures/Classifier_Block_Diagram-eps-converted-to.pdf>
Package pdftex.def Info: pics/Figures/Classifier_Block_Diagram-eps-converted-to
.pdf  used on input line 264.
(pdftex.def)             Requested size: 236.01561pt x 45.72041pt.
Package epstopdf Info: Source file: <pics/Figures/Obj_Det_Block_Diagram.eps>
(epstopdf)                    date: 2022-01-08 19:56:18
(epstopdf)                    size: 1096126 bytes
(epstopdf)             Output file: <pics/Figures/Obj_Det_Block_Diagram-eps-con
verted-to.pdf>
(epstopdf)                    date: 2022-01-08 20:09:34
(epstopdf)                    size: 18066 bytes
(epstopdf)             Command: <miktex-epstopdf --outfile=pics/Figures/Obj_Det
_Block_Diagram-eps-converted-to.pdf pics/Figures/Obj_Det_Block_Diagram.eps>
(epstopdf)             \includegraphics on input line 272.
Package epstopdf Info: Output file is already uptodate.


pdfTeX warning: pdflatex.exe (file ./pics/Figures/Obj_Det_Block_Diagram-eps-con
verted-to.pdf): PDF inclusion: found PDF version <1.7>, but at most version <1.
5> allowed
<pics/Figures/Obj_Det_Block_Diagram-eps-converted-to.pdf, id=280, 1310.8975pt x
 257.96375pt>
File: pics/Figures/Obj_Det_Block_Diagram-eps-converted-to.pdf Graphic file (typ
e pdf)
<use pics/Figures/Obj_Det_Block_Diagram-eps-converted-to.pdf>
Package pdftex.def Info: pics/Figures/Obj_Det_Block_Diagram-eps-converted-to.pd
f  used on input line 272.
(pdftex.def)             Requested size: 236.01561pt x 46.44327pt.
Package epstopdf Info: Source file: <pics/Figures/Hierarchical_Classifier_Block
_Diagram.eps>
(epstopdf)                    date: 2022-01-08 20:38:25
(epstopdf)                    size: 2597302 bytes
(epstopdf)             Output file: <pics/Figures/Hierarchical_Classifier_Block
_Diagram-eps-converted-to.pdf>
(epstopdf)                    date: 2022-01-08 20:53:04
(epstopdf)                    size: 19505 bytes
(epstopdf)             Command: <miktex-epstopdf --outfile=pics/Figures/Hierarc
hical_Classifier_Block_Diagram-eps-converted-to.pdf pics/Figures/Hierarchical_C
lassifier_Block_Diagram.eps>
(epstopdf)             \includegraphics on input line 281.
Package epstopdf Info: Output file is already uptodate.


pdfTeX warning: pdflatex.exe (file ./pics/Figures/Hierarchical_Classifier_Block
_Diagram-eps-converted-to.pdf): PDF inclusion: found PDF version <1.7>, but at 
most version <1.5> allowed
<pics/Figures/Hierarchical_Classifier_Block_Diagram-eps-converted-to.pdf, id=28
1, 1762.585pt x 614.295pt>
File: pics/Figures/Hierarchical_Classifier_Block_Diagram-eps-converted-to.pdf G
raphic file (type pdf)
<use pics/Figures/Hierarchical_Classifier_Block_Diagram-eps-converted-to.pdf>
Package pdftex.def Info: pics/Figures/Hierarchical_Classifier_Block_Diagram-eps
-converted-to.pdf  used on input line 281.
(pdftex.def)             Requested size: 236.01561pt x 82.25136pt.
[11 <./pics/Figures/Classifier_Block_Diagram-eps-converted-to.pdf> <./pics/Figu
res/Obj_Det_Block_Diagram-eps-converted-to.pdf>] [12 <./pics/Figures/Hierarchic
al_Classifier_Block_Diagram-eps-converted-to.pdf>]
Package epstopdf Info: Source file: <pics/Figures/Hierarchical_Obj_Det_Block_Di
agram.eps>
(epstopdf)                    date: 2022-01-08 20:54:38
(epstopdf)                    size: 2655818 bytes
(epstopdf)             Output file: <pics/Figures/Hierarchical_Obj_Det_Block_Di
agram-eps-converted-to.pdf>
(epstopdf)                    date: 2022-01-08 20:54:48
(epstopdf)                    size: 21450 bytes
(epstopdf)             Command: <miktex-epstopdf --outfile=pics/Figures/Hierarc
hical_Obj_Det_Block_Diagram-eps-converted-to.pdf pics/Figures/Hierarchical_Obj_
Det_Block_Diagram.eps>
(epstopdf)             \includegraphics on input line 293.
Package epstopdf Info: Output file is already uptodate.


pdfTeX warning: pdflatex.exe (file ./pics/Figures/Hierarchical_Obj_Det_Block_Di
agram-eps-converted-to.pdf): PDF inclusion: found PDF version <1.7>, but at mos
t version <1.5> allowed
<pics/Figures/Hierarchical_Obj_Det_Block_Diagram-eps-converted-to.pdf, id=339, 
1754.555pt x 629.35126pt>
File: pics/Figures/Hierarchical_Obj_Det_Block_Diagram-eps-converted-to.pdf Grap
hic file (type pdf)
<use pics/Figures/Hierarchical_Obj_Det_Block_Diagram-eps-converted-to.pdf>
Package pdftex.def Info: pics/Figures/Hierarchical_Obj_Det_Block_Diagram-eps-co
nverted-to.pdf  used on input line 293.
(pdftex.def)             Requested size: 236.01561pt x 84.65144pt.

Underfull \hbox (badness 10000) in paragraph at lines 307--310

 []

<pics/Figures/Age_Dist.png, id=342, 853.1875pt x 347.2975pt>
File: pics/Figures/Age_Dist.png Graphic file (type png)
<use pics/Figures/Age_Dist.png>
Package pdftex.def Info: pics/Figures/Age_Dist.png  used on input line 314.
(pdftex.def)             Requested size: 472.03123pt x 192.14827pt.
[13 <./pics/Figures/Hierarchical_Obj_Det_Block_Diagram-eps-converted-to.pdf>]
<pics/Figures/Avg_Age.png, id=366, 389.455pt x 289.08pt>
File: pics/Figures/Avg_Age.png Graphic file (type png)
<use pics/Figures/Avg_Age.png>
Package pdftex.def Info: pics/Figures/Avg_Age.png  used on input line 320.
(pdftex.def)             Requested size: 236.01561pt x 175.18285pt.

[14 <./pics/Figures/Age_Dist.png> <./pics/Figures/Avg_Age.png>] [15]
(Thesis.bbl [16]) [17] (Thesis.aux)

LaTeX Warning: There were undefined references.

Package rerunfilecheck Info: File `Thesis.out' has not changed.
(rerunfilecheck)             Checksum: 0EA8D4C459D4BF8537BD7D7258D77117;2262.
 )
(\end occurred inside a group at level 1)

### semi simple group (level 1) entered at line 32 (\begingroup)
### bottom level 
Here is how much of TeX's memory you used:
 36939 strings out of 478868
 877909 string characters out of 2858666
 1270643 words of memory out of 3000000
 54165 multiletter control sequences out of 15000+600000
 418079 words of font info for 76 fonts, out of 8000000 for 9000
 1141 hyphenation exceptions out of 8191
 114i,16n,117p,1230b,2730s stack positions out of 5000i,500n,10000p,200000b,80000s
 <C:\Users\yacou\AppData\Local\MiKTeX\fonts/pk/ljfour/jknappen/
ec/dpi600\tcrm1440.pk><C:/Program Files/MiKTeX/fonts/type1/public/amsfonts/cm/c
mbsy10.pfb><C:/Program Files/MiKTeX/fonts/type1/public/amsfonts/cm/cmbx12.pfb><
C:/Program Files/MiKTeX/fonts/type1/public/amsfonts/cm/cmex10.pfb><C:/Program F
iles/MiKTeX/fonts/type1/public/amsfonts/cm/cmmi10.pfb><C:/Program Files/MiKTeX/
fonts/type1/public/amsfonts/cm/cmmi12.pfb><C:/Program Files/MiKTeX/fonts/type1/
public/amsfonts/cm/cmmib10.pfb><C:/Program Files/MiKTeX/fonts/type1/public/amsf
onts/cm/cmr10.pfb><C:/Program Files/MiKTeX/fonts/type1/public/amsfonts/cm/cmr12
.pfb><C:/Program Files/MiKTeX/fonts/type1/public/amsfonts/cm/cmsy10.pfb><C:/Pro
gram Files/MiKTeX/fonts/type1/public/amsfonts/cm/cmti10.pfb><C:/Program Files/M
iKTeX/fonts/type1/public/amsfonts/cm/cmti12.pfb>
Output written on Thesis.pdf (24 pages, 487341 bytes).
PDF statistics:
 460 PDF objects out of 1000 (max. 8388607)
 80 named destinations out of 1000 (max. 500000)
 191 words of extra memory for PDF output out of 10000 (max. 10000000)

