\BOOKMARK [1][-]{section.1}{Introduction}{}% 1
\BOOKMARK [2][-]{subsection.1.1}{Motivation}{section.1}% 2
\BOOKMARK [3][-]{subsubsection.1.1.1}{The result delay problem}{subsection.1.1}% 3
\BOOKMARK [2][-]{subsection.1.2}{Objectives}{section.1}% 4
\BOOKMARK [2][-]{subsection.1.3}{Organization}{section.1}% 5
\BOOKMARK [1][-]{section.2}{Background}{}% 6
\BOOKMARK [2][-]{subsection.2.1}{Artificial Neural Networks}{section.2}% 7
\BOOKMARK [3][-]{subsubsection.2.1.1}{Multilayer Perceptrons}{subsection.2.1}% 8
\BOOKMARK [3][-]{subsubsection.2.1.2}{Convolutional Neural Networks}{subsection.2.1}% 9
\BOOKMARK [2][-]{subsection.2.2}{Computer Vision}{section.2}% 10
\BOOKMARK [3][-]{subsubsection.2.2.1}{Image Classification}{subsection.2.2}% 11
\BOOKMARK [3][-]{subsubsection.2.2.2}{Object Detection}{subsection.2.2}% 12
\BOOKMARK [3][-]{subsubsection.2.2.3}{Hierarchy Classification}{subsection.2.2}% 13
\BOOKMARK [3][-]{subsubsection.2.2.4}{Multi-Stage Object Detector}{subsection.2.2}% 14
\BOOKMARK [1][-]{section.3}{Design}{}% 15
\BOOKMARK [2][-]{subsection.3.1}{Methodology}{section.3}% 16
\BOOKMARK [3][-]{subsubsection.3.1.1}{Virtual Environment}{subsection.3.1}% 17
\BOOKMARK [3][-]{subsubsection.3.1.2}{Google Colaboratory}{subsection.3.1}% 18
\BOOKMARK [2][-]{subsection.3.2}{Dataset}{section.3}% 19
\BOOKMARK [3][-]{subsubsection.3.2.1}{Data collection and statistics}{subsection.3.2}% 20
\BOOKMARK [3][-]{subsubsection.3.2.2}{Data imbalance}{subsection.3.2}% 21
\BOOKMARK [2][-]{subsection.3.3}{Data Pipeline}{section.3}% 22
\BOOKMARK [3][-]{subsubsection.3.3.1}{Data Loading}{subsection.3.3}% 23
\BOOKMARK [3][-]{subsubsection.3.3.2}{Data Preprocessing}{subsection.3.3}% 24
\BOOKMARK [3][-]{subsubsection.3.3.3}{Batch Feeding}{subsection.3.3}% 25
\BOOKMARK [2][-]{subsection.3.4}{Single Classifier}{section.3}% 26
\BOOKMARK [2][-]{subsection.3.5}{Hierarchy Classifier}{section.3}% 27
\BOOKMARK [2][-]{subsection.3.6}{Transfer Learning}{section.3}% 28
\BOOKMARK [2][-]{subsection.3.7}{Training}{section.3}% 29
\BOOKMARK [1][-]{section.4}{Results and Discussions}{}% 30
\BOOKMARK [2][-]{subsection.4.1}{Single Classifier}{section.4}% 31
\BOOKMARK [2][-]{subsection.4.2}{Single Classifier}{section.4}% 32
\BOOKMARK [1][-]{section.5}{Conclusion}{}% 33
\BOOKMARK [2][-]{subsection.5.1}{Future work}{section.5}% 34
